17:40:43 **** Incremental Build of configuration Debug for project sahx0628_a01 ****
make all 
Building file: ../powersum.c
Invoking: GCC C Compiler
gcc -O0 -g3 -Wall -c -fmessage-length=0 -MMD -MP -MF"powersum.d" -MT"powersum.o" -o "powersum.o" "../powersum.c"
Finished building: ../powersum.c
 
Building target: sahx0628_a01
Invoking: MacOS X C Linker
gcc  -o "sahx0628_a01"  ./main.o ./mychar.o ./mychar_ptest.o ./powersum.o   
Undefined symbols for architecture x86_64:
  "_main", referenced from:
      <initial-undefines>
ld: symbol(s) not found for architecture x86_64
clang: error: linker command failed with exit code 1 (use -v to see invocation)
make: *** [sahx0628_a01] Error 1
"make all" terminated with exit code 2. Build might be incomplete.

17:40:44 Build Failed. 2 errors, 0 warnings. (took 758ms)

